
2023-10-26 11:38:14,600 - ERROR - Error in lombardia: [Errno 2] No such file or directory: 'src/dataframes/sales_raw.parquet'
2023-10-26 11:38:14,601 - ERROR - Error in piemonte: [Errno 2] No such file or directory: 'src/dataframes/sales_raw.parquet'
2023-10-26 11:38:14,601 - ERROR - Error in veneto: [Errno 2] No such file or directory: 'src/dataframes/sales_raw.parquet'
2023-10-26 11:38:14,601 - ERROR - Error in emilia-romagna: [Errno 2] No such file or directory: 'src/dataframes/sales_raw.parquet'
2023-10-26 11:38:14,602 - ERROR - Error in toscana: [Errno 2] No such file or directory: 'src/dataframes/sales_raw.parquet'
2023-10-26 11:38:14,602 - ERROR - Error in lazio: [Errno 2] No such file or directory: 'src/dataframes/sales_raw.parquet'
2023-10-26 11:38:14,602 - ERROR - Error in campania: [Errno 2] No such file or directory: 'src/dataframes/sales_raw.parquet'
2023-10-26 11:38:14,602 - ERROR - Error in sicilia: [Errno 2] No such file or directory: 'src/dataframes/sales_raw.parquet'
2023-10-26 11:38:14,602 - ERROR - Error in sardegna: [Errno 2] No such file or directory: 'src/dataframes/sales_raw.parquet'
2023-10-26 11:38:14,602 - ERROR - Error in puglia: [Errno 2] No such file or directory: 'src/dataframes/sales_raw.parquet'
2023-10-26 11:38:14,602 - ERROR - Error in abruzzo: [Errno 2] No such file or directory: 'src/dataframes/sales_raw.parquet'
2023-10-26 11:38:14,603 - ERROR - Error in marche: [Errno 2] No such file or directory: 'src/dataframes/sales_raw.parquet'
2023-10-26 11:38:14,603 - ERROR - Error in liguria: [Errno 2] No such file or directory: 'src/dataframes/sales_raw.parquet'
2023-10-26 11:38:14,603 - ERROR - Error in calabriafriuli-venezia-giulia: [Errno 2] No such file or directory: 'src/dataframes/sales_raw.parquet'
2023-10-26 11:38:14,603 - ERROR - Error in trentino-alto-adige: [Errno 2] No such file or directory: 'src/dataframes/sales_raw.parquet'
2023-10-26 11:38:14,603 - ERROR - Error in umbria: [Errno 2] No such file or directory: 'src/dataframes/sales_raw.parquet'
2023-10-26 11:38:14,603 - ERROR - Error in molise: [Errno 2] No such file or directory: 'src/dataframes/sales_raw.parquet'
2023-10-26 11:38:14,604 - ERROR - Error in basilicata: [Errno 2] No such file or directory: 'src/dataframes/sales_raw.parquet'
2023-10-26 11:38:14,604 - ERROR - Error in valle-d-aosta: [Errno 2] No such file or directory: 'src/dataframes/sales_raw.parquet'
2023-10-26 11:38:14,605 - ERROR - Error in milano: [Errno 2] No such file or directory: 'src/dataframes/sales_raw.parquet'
2023-10-26 11:38:14,605 - ERROR - Error in torino: [Errno 2] No such file or directory: 'src/dataframes/sales_raw.parquet'
2023-10-26 11:38:14,605 - ERROR - Error in genova: [Errno 2] No such file or directory: 'src/dataframes/sales_raw.parquet'
2023-10-26 11:38:14,605 - ERROR - Error in bologna: [Errno 2] No such file or directory: 'src/dataframes/sales_raw.parquet'
2023-10-26 11:38:14,605 - ERROR - Error in firenze: [Errno 2] No such file or directory: 'src/dataframes/sales_raw.parquet'
2023-10-26 11:38:14,606 - ERROR - Error in roma: [Errno 2] No such file or directory: 'src/dataframes/sales_raw.parquet'
2023-10-26 11:38:14,606 - ERROR - Error in napoli: [Errno 2] No such file or directory: 'src/dataframes/sales_raw.parquet'
2023-10-26 11:38:14,606 - ERROR - Error in aosta: [Errno 2] No such file or directory: 'src/dataframes/sales_raw.parquet'
2023-10-26 11:38:14,606 - ERROR - Error in palermo: [Errno 2] No such file or directory: 'src/dataframes/sales_raw.parquet'
2023-10-26 11:38:14,606 - ERROR - Error in cagliari: [Errno 2] No such file or directory: 'src/dataframes/sales_raw.parquet'
2023-10-26 11:38:14,606 - ERROR - Error in bari: [Errno 2] No such file or directory: 'src/dataframes/sales_raw.parquet'
2023-10-26 11:38:14,606 - ERROR - Error in ancona: [Errno 2] No such file or directory: 'src/dataframes/sales_raw.parquet'
2023-10-26 11:38:14,606 - ERROR - Error in bologna: [Errno 2] No such file or directory: 'src/dataframes/sales_raw.parquet'
2023-10-26 11:38:14,606 - ERROR - Error in cagliari: [Errno 2] No such file or directory: 'src/dataframes/sales_raw.parquet'
2023-10-26 11:38:14,606 - ERROR - Error in trento: [Errno 2] No such file or directory: 'src/dataframes/sales_raw.parquet'
2023-10-26 11:38:14,606 - ERROR - Error in campobasso: [Errno 2] No such file or directory: 'src/dataframes/sales_raw.parquet'
2023-10-26 11:38:14,607 - ERROR - Error in catanzaro: [Errno 2] No such file or directory: 'src/dataframes/sales_raw.parquet'
2023-10-26 11:38:14,607 - ERROR - Error in l-aquila: [Errno 2] No such file or directory: 'src/dataframes/sales_raw.parquet'
2023-10-26 11:38:14,607 - ERROR - Error in potenza: [Errno 2] No such file or directory: 'src/dataframes/sales_raw.parquet'
2023-10-26 11:38:14,607 - ERROR - Error in trieste: [Errno 2] No such file or directory: 'src/dataframes/sales_raw.parquet'
2023-10-26 11:38:14,607 - ERROR - Error in venezia: [Errno 2] No such file or directory: 'src/dataframes/sales_raw.parquet'
2023-10-26 11:38:14,608 - ERROR - Error in lombardia: [Errno 2] No such file or directory: 'src/dataframes/rents_raw.parquet'
2023-10-26 11:38:14,609 - ERROR - Error in piemonte: [Errno 2] No such file or directory: 'src/dataframes/rents_raw.parquet'
2023-10-26 11:38:14,609 - ERROR - Error in veneto: [Errno 2] No such file or directory: 'src/dataframes/rents_raw.parquet'
2023-10-26 11:38:14,609 - ERROR - Error in emilia-romagna: [Errno 2] No such file or directory: 'src/dataframes/rents_raw.parquet'
2023-10-26 11:38:14,609 - ERROR - Error in toscana: [Errno 2] No such file or directory: 'src/dataframes/rents_raw.parquet'
2023-10-26 11:38:14,610 - ERROR - Error in lazio: [Errno 2] No such file or directory: 'src/dataframes/rents_raw.parquet'
2023-10-26 11:38:14,610 - ERROR - Error in campania: [Errno 2] No such file or directory: 'src/dataframes/rents_raw.parquet'
2023-10-26 11:38:14,610 - ERROR - Error in sicilia: [Errno 2] No such file or directory: 'src/dataframes/rents_raw.parquet'
2023-10-26 11:38:14,610 - ERROR - Error in sardegna: [Errno 2] No such file or directory: 'src/dataframes/rents_raw.parquet'
2023-10-26 11:38:14,611 - ERROR - Error in puglia: [Errno 2] No such file or directory: 'src/dataframes/rents_raw.parquet'
2023-10-26 11:38:14,611 - ERROR - Error in abruzzo: [Errno 2] No such file or directory: 'src/dataframes/rents_raw.parquet'
2023-10-26 11:38:14,611 - ERROR - Error in marche: [Errno 2] No such file or directory: 'src/dataframes/rents_raw.parquet'
2023-10-26 11:38:14,613 - ERROR - Error in liguria: [Errno 2] No such file or directory: 'src/dataframes/rents_raw.parquet'
2023-10-26 11:38:14,613 - ERROR - Error in calabriafriuli-venezia-giulia: [Errno 2] No such file or directory: 'src/dataframes/rents_raw.parquet'
2023-10-26 11:38:14,613 - ERROR - Error in trentino-alto-adige: [Errno 2] No such file or directory: 'src/dataframes/rents_raw.parquet'
2023-10-26 11:38:14,613 - ERROR - Error in umbria: [Errno 2] No such file or directory: 'src/dataframes/rents_raw.parquet'
2023-10-26 11:38:14,613 - ERROR - Error in molise: [Errno 2] No such file or directory: 'src/dataframes/rents_raw.parquet'
2023-10-26 11:38:14,613 - ERROR - Error in basilicata: [Errno 2] No such file or directory: 'src/dataframes/rents_raw.parquet'
2023-10-26 11:38:14,613 - ERROR - Error in valle-d-aosta: [Errno 2] No such file or directory: 'src/dataframes/rents_raw.parquet'
2023-10-26 11:38:14,614 - ERROR - Error in milano: [Errno 2] No such file or directory: 'src/dataframes/rents_raw.parquet'
2023-10-26 11:38:14,615 - ERROR - Error in torino: [Errno 2] No such file or directory: 'src/dataframes/rents_raw.parquet'
2023-10-26 11:38:14,616 - ERROR - Error in genova: [Errno 2] No such file or directory: 'src/dataframes/rents_raw.parquet'
2023-10-26 11:38:14,616 - ERROR - Error in bologna: [Errno 2] No such file or directory: 'src/dataframes/rents_raw.parquet'
2023-10-26 11:38:14,616 - ERROR - Error in firenze: [Errno 2] No such file or directory: 'src/dataframes/rents_raw.parquet'
2023-10-26 11:38:14,616 - ERROR - Error in roma: [Errno 2] No such file or directory: 'src/dataframes/rents_raw.parquet'
2023-10-26 11:38:14,616 - ERROR - Error in napoli: [Errno 2] No such file or directory: 'src/dataframes/rents_raw.parquet'
2023-10-26 11:38:14,616 - ERROR - Error in aosta: [Errno 2] No such file or directory: 'src/dataframes/rents_raw.parquet'
2023-10-26 11:38:14,617 - ERROR - Error in palermo: [Errno 2] No such file or directory: 'src/dataframes/rents_raw.parquet'
2023-10-26 11:38:14,617 - ERROR - Error in cagliari: [Errno 2] No such file or directory: 'src/dataframes/rents_raw.parquet'
2023-10-26 11:38:14,617 - ERROR - Error in bari: [Errno 2] No such file or directory: 'src/dataframes/rents_raw.parquet'
2023-10-26 11:38:14,617 - ERROR - Error in ancona: [Errno 2] No such file or directory: 'src/dataframes/rents_raw.parquet'
2023-10-26 11:38:14,617 - ERROR - Error in bologna: [Errno 2] No such file or directory: 'src/dataframes/rents_raw.parquet'
2023-10-26 11:38:14,617 - ERROR - Error in cagliari: [Errno 2] No such file or directory: 'src/dataframes/rents_raw.parquet'
2023-10-26 11:38:14,617 - ERROR - Error in trento: [Errno 2] No such file or directory: 'src/dataframes/rents_raw.parquet'
2023-10-26 11:38:14,617 - ERROR - Error in campobasso: [Errno 2] No such file or directory: 'src/dataframes/rents_raw.parquet'
2023-10-26 11:38:14,617 - ERROR - Error in catanzaro: [Errno 2] No such file or directory: 'src/dataframes/rents_raw.parquet'
2023-10-26 11:38:14,618 - ERROR - Error in l-aquila: [Errno 2] No such file or directory: 'src/dataframes/rents_raw.parquet'
2023-10-26 11:38:14,618 - ERROR - Error in potenza: [Errno 2] No such file or directory: 'src/dataframes/rents_raw.parquet'
2023-10-26 11:38:14,618 - ERROR - Error in trieste: [Errno 2] No such file or directory: 'src/dataframes/rents_raw.parquet'
2023-10-26 11:38:14,618 - ERROR - Error in venezia: [Errno 2] No such file or directory: 'src/dataframes/rents_raw.parquet'
2023-10-26 22:11:18,665 - ERROR - Error in lombardia: [Errno 2] No such file or directory: 'src/dataframes/sales_raw.parquet'
2023-10-26 22:11:18,666 - ERROR - Error in piemonte: [Errno 2] No such file or directory: 'src/dataframes/sales_raw.parquet'
2023-10-26 22:11:18,666 - ERROR - Error in veneto: [Errno 2] No such file or directory: 'src/dataframes/sales_raw.parquet'
2023-10-26 22:11:18,666 - ERROR - Error in emilia-romagna: [Errno 2] No such file or directory: 'src/dataframes/sales_raw.parquet'
2023-10-26 22:11:18,666 - ERROR - Error in toscana: [Errno 2] No such file or directory: 'src/dataframes/sales_raw.parquet'
2023-10-26 22:11:18,666 - ERROR - Error in lazio: [Errno 2] No such file or directory: 'src/dataframes/sales_raw.parquet'
2023-10-26 22:11:18,666 - ERROR - Error in campania: [Errno 2] No such file or directory: 'src/dataframes/sales_raw.parquet'
2023-10-26 22:11:18,667 - ERROR - Error in sicilia: [Errno 2] No such file or directory: 'src/dataframes/sales_raw.parquet'
2023-10-26 22:11:18,667 - ERROR - Error in sardegna: [Errno 2] No such file or directory: 'src/dataframes/sales_raw.parquet'
2023-10-26 22:11:18,667 - ERROR - Error in puglia: [Errno 2] No such file or directory: 'src/dataframes/sales_raw.parquet'
2023-10-26 22:11:18,667 - ERROR - Error in abruzzo: [Errno 2] No such file or directory: 'src/dataframes/sales_raw.parquet'
2023-10-26 22:11:18,667 - ERROR - Error in marche: [Errno 2] No such file or directory: 'src/dataframes/sales_raw.parquet'
2023-10-26 22:11:18,667 - ERROR - Error in liguria: [Errno 2] No such file or directory: 'src/dataframes/sales_raw.parquet'
2023-10-26 22:11:18,667 - ERROR - Error in calabriafriuli-venezia-giulia: [Errno 2] No such file or directory: 'src/dataframes/sales_raw.parquet'
2023-10-26 22:11:18,667 - ERROR - Error in trentino-alto-adige: [Errno 2] No such file or directory: 'src/dataframes/sales_raw.parquet'
2023-10-26 22:11:18,667 - ERROR - Error in umbria: [Errno 2] No such file or directory: 'src/dataframes/sales_raw.parquet'
2023-10-26 22:11:18,668 - ERROR - Error in molise: [Errno 2] No such file or directory: 'src/dataframes/sales_raw.parquet'
2023-10-26 22:11:18,668 - ERROR - Error in basilicata: [Errno 2] No such file or directory: 'src/dataframes/sales_raw.parquet'
2023-10-26 22:11:18,668 - ERROR - Error in valle-d-aosta: [Errno 2] No such file or directory: 'src/dataframes/sales_raw.parquet'
2023-10-26 22:11:18,669 - ERROR - Error in milano: [Errno 2] No such file or directory: 'src/dataframes/sales_raw.parquet'
2023-10-26 22:11:18,670 - ERROR - Error in torino: [Errno 2] No such file or directory: 'src/dataframes/sales_raw.parquet'
2023-10-26 22:11:18,670 - ERROR - Error in genova: [Errno 2] No such file or directory: 'src/dataframes/sales_raw.parquet'
2023-10-26 22:11:18,670 - ERROR - Error in bologna: [Errno 2] No such file or directory: 'src/dataframes/sales_raw.parquet'
2023-10-26 22:11:18,670 - ERROR - Error in firenze: [Errno 2] No such file or directory: 'src/dataframes/sales_raw.parquet'
2023-10-26 22:11:18,671 - ERROR - Error in roma: [Errno 2] No such file or directory: 'src/dataframes/sales_raw.parquet'
2023-10-26 22:11:18,671 - ERROR - Error in napoli: [Errno 2] No such file or directory: 'src/dataframes/sales_raw.parquet'
2023-10-26 22:11:18,671 - ERROR - Error in aosta: [Errno 2] No such file or directory: 'src/dataframes/sales_raw.parquet'
2023-10-26 22:11:18,671 - ERROR - Error in palermo: [Errno 2] No such file or directory: 'src/dataframes/sales_raw.parquet'
2023-10-26 22:11:18,671 - ERROR - Error in cagliari: [Errno 2] No such file or directory: 'src/dataframes/sales_raw.parquet'
2023-10-26 22:11:18,671 - ERROR - Error in bari: [Errno 2] No such file or directory: 'src/dataframes/sales_raw.parquet'
2023-10-26 22:11:18,671 - ERROR - Error in ancona: [Errno 2] No such file or directory: 'src/dataframes/sales_raw.parquet'
2023-10-26 22:11:18,671 - ERROR - Error in bologna: [Errno 2] No such file or directory: 'src/dataframes/sales_raw.parquet'
2023-10-26 22:11:18,671 - ERROR - Error in cagliari: [Errno 2] No such file or directory: 'src/dataframes/sales_raw.parquet'
2023-10-26 22:11:18,671 - ERROR - Error in trento: [Errno 2] No such file or directory: 'src/dataframes/sales_raw.parquet'
2023-10-26 22:11:18,671 - ERROR - Error in campobasso: [Errno 2] No such file or directory: 'src/dataframes/sales_raw.parquet'
2023-10-26 22:11:18,672 - ERROR - Error in catanzaro: [Errno 2] No such file or directory: 'src/dataframes/sales_raw.parquet'
2023-10-26 22:11:18,672 - ERROR - Error in l-aquila: [Errno 2] No such file or directory: 'src/dataframes/sales_raw.parquet'
2023-10-26 22:11:18,672 - ERROR - Error in potenza: [Errno 2] No such file or directory: 'src/dataframes/sales_raw.parquet'
2023-10-26 22:11:18,672 - ERROR - Error in trieste: [Errno 2] No such file or directory: 'src/dataframes/sales_raw.parquet'
2023-10-26 22:11:18,672 - ERROR - Error in venezia: [Errno 2] No such file or directory: 'src/dataframes/sales_raw.parquet'
2023-10-26 22:11:18,673 - ERROR - Error in lombardia: [Errno 2] No such file or directory: 'src/dataframes/rents_raw.parquet'
2023-10-26 22:11:18,673 - ERROR - Error in piemonte: [Errno 2] No such file or directory: 'src/dataframes/rents_raw.parquet'
2023-10-26 22:11:18,673 - ERROR - Error in veneto: [Errno 2] No such file or directory: 'src/dataframes/rents_raw.parquet'
2023-10-26 22:11:18,673 - ERROR - Error in emilia-romagna: [Errno 2] No such file or directory: 'src/dataframes/rents_raw.parquet'
2023-10-26 22:11:18,674 - ERROR - Error in toscana: [Errno 2] No such file or directory: 'src/dataframes/rents_raw.parquet'
2023-10-26 22:11:18,674 - ERROR - Error in lazio: [Errno 2] No such file or directory: 'src/dataframes/rents_raw.parquet'
2023-10-26 22:11:18,674 - ERROR - Error in campania: [Errno 2] No such file or directory: 'src/dataframes/rents_raw.parquet'
2023-10-26 22:11:18,674 - ERROR - Error in sicilia: [Errno 2] No such file or directory: 'src/dataframes/rents_raw.parquet'
2023-10-26 22:11:18,674 - ERROR - Error in sardegna: [Errno 2] No such file or directory: 'src/dataframes/rents_raw.parquet'
2023-10-26 22:11:18,674 - ERROR - Error in puglia: [Errno 2] No such file or directory: 'src/dataframes/rents_raw.parquet'
2023-10-26 22:11:18,674 - ERROR - Error in abruzzo: [Errno 2] No such file or directory: 'src/dataframes/rents_raw.parquet'
2023-10-26 22:11:18,674 - ERROR - Error in marche: [Errno 2] No such file or directory: 'src/dataframes/rents_raw.parquet'
2023-10-26 22:11:18,674 - ERROR - Error in liguria: [Errno 2] No such file or directory: 'src/dataframes/rents_raw.parquet'
2023-10-26 22:11:18,674 - ERROR - Error in calabriafriuli-venezia-giulia: [Errno 2] No such file or directory: 'src/dataframes/rents_raw.parquet'
2023-10-26 22:11:18,674 - ERROR - Error in trentino-alto-adige: [Errno 2] No such file or directory: 'src/dataframes/rents_raw.parquet'
2023-10-26 22:11:18,675 - ERROR - Error in umbria: [Errno 2] No such file or directory: 'src/dataframes/rents_raw.parquet'
2023-10-26 22:11:18,675 - ERROR - Error in molise: [Errno 2] No such file or directory: 'src/dataframes/rents_raw.parquet'
2023-10-26 22:11:18,675 - ERROR - Error in basilicata: [Errno 2] No such file or directory: 'src/dataframes/rents_raw.parquet'
2023-10-26 22:11:18,675 - ERROR - Error in valle-d-aosta: [Errno 2] No such file or directory: 'src/dataframes/rents_raw.parquet'
2023-10-26 22:11:18,675 - ERROR - Error in milano: [Errno 2] No such file or directory: 'src/dataframes/rents_raw.parquet'
2023-10-26 22:11:18,676 - ERROR - Error in torino: [Errno 2] No such file or directory: 'src/dataframes/rents_raw.parquet'
2023-10-26 22:11:18,676 - ERROR - Error in genova: [Errno 2] No such file or directory: 'src/dataframes/rents_raw.parquet'
2023-10-26 22:11:18,676 - ERROR - Error in bologna: [Errno 2] No such file or directory: 'src/dataframes/rents_raw.parquet'
2023-10-26 22:11:18,676 - ERROR - Error in firenze: [Errno 2] No such file or directory: 'src/dataframes/rents_raw.parquet'
2023-10-26 22:11:18,676 - ERROR - Error in roma: [Errno 2] No such file or directory: 'src/dataframes/rents_raw.parquet'
2023-10-26 22:11:18,676 - ERROR - Error in napoli: [Errno 2] No such file or directory: 'src/dataframes/rents_raw.parquet'
2023-10-26 22:11:18,676 - ERROR - Error in aosta: [Errno 2] No such file or directory: 'src/dataframes/rents_raw.parquet'
2023-10-26 22:11:18,676 - ERROR - Error in palermo: [Errno 2] No such file or directory: 'src/dataframes/rents_raw.parquet'
2023-10-26 22:11:18,676 - ERROR - Error in cagliari: [Errno 2] No such file or directory: 'src/dataframes/rents_raw.parquet'
2023-10-26 22:11:18,676 - ERROR - Error in bari: [Errno 2] No such file or directory: 'src/dataframes/rents_raw.parquet'
2023-10-26 22:11:18,677 - ERROR - Error in ancona: [Errno 2] No such file or directory: 'src/dataframes/rents_raw.parquet'
2023-10-26 22:11:18,677 - ERROR - Error in bologna: [Errno 2] No such file or directory: 'src/dataframes/rents_raw.parquet'
2023-10-26 22:11:18,677 - ERROR - Error in cagliari: [Errno 2] No such file or directory: 'src/dataframes/rents_raw.parquet'
2023-10-26 22:11:18,677 - ERROR - Error in trento: [Errno 2] No such file or directory: 'src/dataframes/rents_raw.parquet'
2023-10-26 22:11:18,677 - ERROR - Error in campobasso: [Errno 2] No such file or directory: 'src/dataframes/rents_raw.parquet'
2023-10-26 22:11:18,677 - ERROR - Error in catanzaro: [Errno 2] No such file or directory: 'src/dataframes/rents_raw.parquet'
2023-10-26 22:11:18,677 - ERROR - Error in l-aquila: [Errno 2] No such file or directory: 'src/dataframes/rents_raw.parquet'
2023-10-26 22:11:18,677 - ERROR - Error in potenza: [Errno 2] No such file or directory: 'src/dataframes/rents_raw.parquet'
2023-10-26 22:11:18,677 - ERROR - Error in trieste: [Errno 2] No such file or directory: 'src/dataframes/rents_raw.parquet'
2023-10-26 22:11:18,677 - ERROR - Error in venezia: [Errno 2] No such file or directory: 'src/dataframes/rents_raw.parquet'
2023-10-26 22:12:12,003 - ERROR - Error in lombardia: [Errno 2] No such file or directory: 'src/dataframes/sales_raw.parquet'
2023-10-26 22:12:12,004 - ERROR - Error in piemonte: [Errno 2] No such file or directory: 'src/dataframes/sales_raw.parquet'
2023-10-26 22:12:12,004 - ERROR - Error in veneto: [Errno 2] No such file or directory: 'src/dataframes/sales_raw.parquet'
2023-10-26 22:12:12,004 - ERROR - Error in emilia-romagna: [Errno 2] No such file or directory: 'src/dataframes/sales_raw.parquet'
2023-10-26 22:12:12,004 - ERROR - Error in toscana: [Errno 2] No such file or directory: 'src/dataframes/sales_raw.parquet'
2023-10-26 22:12:12,005 - ERROR - Error in lazio: [Errno 2] No such file or directory: 'src/dataframes/sales_raw.parquet'
2023-10-26 22:12:12,005 - ERROR - Error in campania: [Errno 2] No such file or directory: 'src/dataframes/sales_raw.parquet'
2023-10-26 22:12:12,005 - ERROR - Error in sicilia: [Errno 2] No such file or directory: 'src/dataframes/sales_raw.parquet'
2023-10-26 22:12:12,005 - ERROR - Error in sardegna: [Errno 2] No such file or directory: 'src/dataframes/sales_raw.parquet'
2023-10-26 22:12:12,005 - ERROR - Error in puglia: [Errno 2] No such file or directory: 'src/dataframes/sales_raw.parquet'
2023-10-26 22:12:12,005 - ERROR - Error in abruzzo: [Errno 2] No such file or directory: 'src/dataframes/sales_raw.parquet'
2023-10-26 22:12:12,005 - ERROR - Error in marche: [Errno 2] No such file or directory: 'src/dataframes/sales_raw.parquet'
2023-10-26 22:12:12,005 - ERROR - Error in liguria: [Errno 2] No such file or directory: 'src/dataframes/sales_raw.parquet'
2023-10-26 22:12:12,005 - ERROR - Error in calabriafriuli-venezia-giulia: [Errno 2] No such file or directory: 'src/dataframes/sales_raw.parquet'
2023-10-26 22:12:12,005 - ERROR - Error in trentino-alto-adige: [Errno 2] No such file or directory: 'src/dataframes/sales_raw.parquet'
2023-10-26 22:12:12,006 - ERROR - Error in umbria: [Errno 2] No such file or directory: 'src/dataframes/sales_raw.parquet'
2023-10-26 22:12:12,006 - ERROR - Error in molise: [Errno 2] No such file or directory: 'src/dataframes/sales_raw.parquet'
2023-10-26 22:12:12,006 - ERROR - Error in basilicata: [Errno 2] No such file or directory: 'src/dataframes/sales_raw.parquet'
2023-10-26 22:12:12,006 - ERROR - Error in valle-d-aosta: [Errno 2] No such file or directory: 'src/dataframes/sales_raw.parquet'
2023-10-26 22:12:12,007 - ERROR - Error in milano: [Errno 2] No such file or directory: 'src/dataframes/sales_raw.parquet'
2023-10-26 22:12:12,007 - ERROR - Error in torino: [Errno 2] No such file or directory: 'src/dataframes/sales_raw.parquet'
2023-10-26 22:12:12,007 - ERROR - Error in genova: [Errno 2] No such file or directory: 'src/dataframes/sales_raw.parquet'
2023-10-26 22:12:12,007 - ERROR - Error in bologna: [Errno 2] No such file or directory: 'src/dataframes/sales_raw.parquet'
2023-10-26 22:12:12,007 - ERROR - Error in firenze: [Errno 2] No such file or directory: 'src/dataframes/sales_raw.parquet'
2023-10-26 22:12:12,008 - ERROR - Error in roma: [Errno 2] No such file or directory: 'src/dataframes/sales_raw.parquet'
2023-10-26 22:12:12,008 - ERROR - Error in napoli: [Errno 2] No such file or directory: 'src/dataframes/sales_raw.parquet'
2023-10-26 22:12:12,008 - ERROR - Error in aosta: [Errno 2] No such file or directory: 'src/dataframes/sales_raw.parquet'
2023-10-26 22:12:12,008 - ERROR - Error in palermo: [Errno 2] No such file or directory: 'src/dataframes/sales_raw.parquet'
2023-10-26 22:12:12,008 - ERROR - Error in cagliari: [Errno 2] No such file or directory: 'src/dataframes/sales_raw.parquet'
2023-10-26 22:12:12,008 - ERROR - Error in bari: [Errno 2] No such file or directory: 'src/dataframes/sales_raw.parquet'
2023-10-26 22:12:12,008 - ERROR - Error in ancona: [Errno 2] No such file or directory: 'src/dataframes/sales_raw.parquet'
2023-10-26 22:12:12,008 - ERROR - Error in bologna: [Errno 2] No such file or directory: 'src/dataframes/sales_raw.parquet'
2023-10-26 22:12:12,008 - ERROR - Error in cagliari: [Errno 2] No such file or directory: 'src/dataframes/sales_raw.parquet'
2023-10-26 22:12:12,008 - ERROR - Error in trento: [Errno 2] No such file or directory: 'src/dataframes/sales_raw.parquet'
2023-10-26 22:12:12,009 - ERROR - Error in campobasso: [Errno 2] No such file or directory: 'src/dataframes/sales_raw.parquet'
2023-10-26 22:12:12,009 - ERROR - Error in catanzaro: [Errno 2] No such file or directory: 'src/dataframes/sales_raw.parquet'
2023-10-26 22:12:12,009 - ERROR - Error in l-aquila: [Errno 2] No such file or directory: 'src/dataframes/sales_raw.parquet'
2023-10-26 22:12:12,009 - ERROR - Error in potenza: [Errno 2] No such file or directory: 'src/dataframes/sales_raw.parquet'
2023-10-26 22:12:12,009 - ERROR - Error in trieste: [Errno 2] No such file or directory: 'src/dataframes/sales_raw.parquet'
2023-10-26 22:12:12,009 - ERROR - Error in venezia: [Errno 2] No such file or directory: 'src/dataframes/sales_raw.parquet'
2023-10-26 22:12:12,010 - ERROR - Error in lombardia: [Errno 2] No such file or directory: 'src/dataframes/rents_raw.parquet'
2023-10-26 22:12:12,011 - ERROR - Error in piemonte: [Errno 2] No such file or directory: 'src/dataframes/rents_raw.parquet'
2023-10-26 22:12:12,011 - ERROR - Error in veneto: [Errno 2] No such file or directory: 'src/dataframes/rents_raw.parquet'
2023-10-26 22:12:12,011 - ERROR - Error in emilia-romagna: [Errno 2] No such file or directory: 'src/dataframes/rents_raw.parquet'
2023-10-26 22:12:12,011 - ERROR - Error in toscana: [Errno 2] No such file or directory: 'src/dataframes/rents_raw.parquet'
2023-10-26 22:12:12,011 - ERROR - Error in lazio: [Errno 2] No such file or directory: 'src/dataframes/rents_raw.parquet'
2023-10-26 22:12:12,011 - ERROR - Error in campania: [Errno 2] No such file or directory: 'src/dataframes/rents_raw.parquet'
2023-10-26 22:12:12,011 - ERROR - Error in sicilia: [Errno 2] No such file or directory: 'src/dataframes/rents_raw.parquet'
2023-10-26 22:12:12,011 - ERROR - Error in sardegna: [Errno 2] No such file or directory: 'src/dataframes/rents_raw.parquet'
2023-10-26 22:12:12,011 - ERROR - Error in puglia: [Errno 2] No such file or directory: 'src/dataframes/rents_raw.parquet'
2023-10-26 22:12:12,011 - ERROR - Error in abruzzo: [Errno 2] No such file or directory: 'src/dataframes/rents_raw.parquet'
2023-10-26 22:12:12,012 - ERROR - Error in marche: [Errno 2] No such file or directory: 'src/dataframes/rents_raw.parquet'
2023-10-26 22:12:12,012 - ERROR - Error in liguria: [Errno 2] No such file or directory: 'src/dataframes/rents_raw.parquet'
2023-10-26 22:12:12,012 - ERROR - Error in calabriafriuli-venezia-giulia: [Errno 2] No such file or directory: 'src/dataframes/rents_raw.parquet'
2023-10-26 22:12:12,012 - ERROR - Error in trentino-alto-adige: [Errno 2] No such file or directory: 'src/dataframes/rents_raw.parquet'
2023-10-26 22:12:12,012 - ERROR - Error in umbria: [Errno 2] No such file or directory: 'src/dataframes/rents_raw.parquet'
2023-10-26 22:12:12,012 - ERROR - Error in molise: [Errno 2] No such file or directory: 'src/dataframes/rents_raw.parquet'
2023-10-26 22:12:12,012 - ERROR - Error in basilicata: [Errno 2] No such file or directory: 'src/dataframes/rents_raw.parquet'
2023-10-26 22:12:12,012 - ERROR - Error in valle-d-aosta: [Errno 2] No such file or directory: 'src/dataframes/rents_raw.parquet'
2023-10-26 22:12:12,013 - ERROR - Error in milano: [Errno 2] No such file or directory: 'src/dataframes/rents_raw.parquet'
2023-10-26 22:12:12,013 - ERROR - Error in torino: [Errno 2] No such file or directory: 'src/dataframes/rents_raw.parquet'
2023-10-26 22:12:12,014 - ERROR - Error in genova: [Errno 2] No such file or directory: 'src/dataframes/rents_raw.parquet'
2023-10-26 22:12:12,014 - ERROR - Error in bologna: [Errno 2] No such file or directory: 'src/dataframes/rents_raw.parquet'
2023-10-26 22:12:12,014 - ERROR - Error in firenze: [Errno 2] No such file or directory: 'src/dataframes/rents_raw.parquet'
2023-10-26 22:12:12,014 - ERROR - Error in roma: [Errno 2] No such file or directory: 'src/dataframes/rents_raw.parquet'
2023-10-26 22:12:12,014 - ERROR - Error in napoli: [Errno 2] No such file or directory: 'src/dataframes/rents_raw.parquet'
2023-10-26 22:12:12,014 - ERROR - Error in aosta: [Errno 2] No such file or directory: 'src/dataframes/rents_raw.parquet'
2023-10-26 22:12:12,014 - ERROR - Error in palermo: [Errno 2] No such file or directory: 'src/dataframes/rents_raw.parquet'
2023-10-26 22:12:12,015 - ERROR - Error in cagliari: [Errno 2] No such file or directory: 'src/dataframes/rents_raw.parquet'
2023-10-26 22:12:12,015 - ERROR - Error in bari: [Errno 2] No such file or directory: 'src/dataframes/rents_raw.parquet'
2023-10-26 22:12:12,015 - ERROR - Error in ancona: [Errno 2] No such file or directory: 'src/dataframes/rents_raw.parquet'
2023-10-26 22:12:12,015 - ERROR - Error in bologna: [Errno 2] No such file or directory: 'src/dataframes/rents_raw.parquet'
2023-10-26 22:12:12,015 - ERROR - Error in cagliari: [Errno 2] No such file or directory: 'src/dataframes/rents_raw.parquet'
2023-10-26 22:12:12,015 - ERROR - Error in trento: [Errno 2] No such file or directory: 'src/dataframes/rents_raw.parquet'
2023-10-26 22:12:12,015 - ERROR - Error in campobasso: [Errno 2] No such file or directory: 'src/dataframes/rents_raw.parquet'
2023-10-26 22:12:12,015 - ERROR - Error in catanzaro: [Errno 2] No such file or directory: 'src/dataframes/rents_raw.parquet'
2023-10-26 22:12:12,015 - ERROR - Error in l-aquila: [Errno 2] No such file or directory: 'src/dataframes/rents_raw.parquet'
2023-10-26 22:12:12,015 - ERROR - Error in potenza: [Errno 2] No such file or directory: 'src/dataframes/rents_raw.parquet'
2023-10-26 22:12:12,015 - ERROR - Error in trieste: [Errno 2] No such file or directory: 'src/dataframes/rents_raw.parquet'
2023-10-26 22:12:12,016 - ERROR - Error in venezia: [Errno 2] No such file or directory: 'src/dataframes/rents_raw.parquet'
2023-10-26 22:13:00,127 - ERROR - Error in lombardia: [Errno 22] Invalid argument
2023-10-26 22:13:00,127 - ERROR - Error in piemonte: [Errno 22] Invalid argument
2023-10-26 22:13:00,127 - ERROR - Error in veneto: [Errno 22] Invalid argument
2023-10-26 22:13:00,127 - ERROR - Error in emilia-romagna: [Errno 22] Invalid argument
2023-10-26 22:13:00,127 - ERROR - Error in toscana: [Errno 22] Invalid argument
2023-10-26 22:13:00,127 - ERROR - Error in lazio: [Errno 22] Invalid argument
2023-10-26 22:13:00,128 - ERROR - Error in campania: [Errno 22] Invalid argument
2023-10-26 22:13:00,128 - ERROR - Error in sicilia: [Errno 22] Invalid argument
2023-10-26 22:13:00,128 - ERROR - Error in sardegna: [Errno 22] Invalid argument
2023-10-26 22:13:00,128 - ERROR - Error in puglia: [Errno 22] Invalid argument
2023-10-26 22:13:00,128 - ERROR - Error in abruzzo: [Errno 22] Invalid argument
2023-10-26 22:13:00,128 - ERROR - Error in marche: [Errno 22] Invalid argument
2023-10-26 22:13:00,128 - ERROR - Error in liguria: [Errno 22] Invalid argument
2023-10-26 22:13:00,128 - ERROR - Error in calabriafriuli-venezia-giulia: [Errno 22] Invalid argument
2023-10-26 22:13:00,128 - ERROR - Error in trentino-alto-adige: [Errno 22] Invalid argument
2023-10-26 22:13:00,129 - ERROR - Error in umbria: [Errno 22] Invalid argument
2023-10-26 22:13:00,129 - ERROR - Error in molise: [Errno 22] Invalid argument
2023-10-26 22:13:00,129 - ERROR - Error in basilicata: [Errno 22] Invalid argument
2023-10-26 22:13:00,129 - ERROR - Error in valle-d-aosta: [Errno 22] Invalid argument
2023-10-26 22:13:00,130 - ERROR - Error in milano: [Errno 22] Invalid argument
2023-10-26 22:13:00,130 - ERROR - Error in torino: [Errno 22] Invalid argument
2023-10-26 22:13:00,130 - ERROR - Error in genova: [Errno 22] Invalid argument
2023-10-26 22:13:00,130 - ERROR - Error in bologna: [Errno 22] Invalid argument
2023-10-26 22:13:00,130 - ERROR - Error in firenze: [Errno 22] Invalid argument
2023-10-26 22:13:00,130 - ERROR - Error in roma: [Errno 22] Invalid argument
2023-10-26 22:13:00,130 - ERROR - Error in napoli: [Errno 22] Invalid argument
2023-10-26 22:13:00,131 - ERROR - Error in aosta: [Errno 22] Invalid argument
2023-10-26 22:13:00,131 - ERROR - Error in palermo: [Errno 22] Invalid argument
2023-10-26 22:13:00,131 - ERROR - Error in cagliari: [Errno 22] Invalid argument
2023-10-26 22:13:00,131 - ERROR - Error in bari: [Errno 22] Invalid argument
2023-10-26 22:13:00,131 - ERROR - Error in ancona: [Errno 22] Invalid argument
2023-10-26 22:13:00,131 - ERROR - Error in bologna: [Errno 22] Invalid argument
2023-10-26 22:13:00,131 - ERROR - Error in cagliari: [Errno 22] Invalid argument
2023-10-26 22:13:00,131 - ERROR - Error in trento: [Errno 22] Invalid argument
2023-10-26 22:13:00,132 - ERROR - Error in campobasso: [Errno 22] Invalid argument
2023-10-26 22:13:00,132 - ERROR - Error in catanzaro: [Errno 22] Invalid argument
2023-10-26 22:13:00,132 - ERROR - Error in l-aquila: [Errno 22] Invalid argument
2023-10-26 22:13:00,132 - ERROR - Error in potenza: [Errno 22] Invalid argument
2023-10-26 22:13:00,132 - ERROR - Error in trieste: [Errno 22] Invalid argument
2023-10-26 22:13:00,132 - ERROR - Error in venezia: [Errno 22] Invalid argument
2023-10-26 22:13:00,133 - ERROR - Error in lombardia: [Errno 2] No such file or directory: 'src/dataframes/rents_raw.parquet'
2023-10-26 22:13:00,133 - ERROR - Error in piemonte: [Errno 2] No such file or directory: 'src/dataframes/rents_raw.parquet'
2023-10-26 22:13:00,133 - ERROR - Error in veneto: [Errno 2] No such file or directory: 'src/dataframes/rents_raw.parquet'
2023-10-26 22:13:00,133 - ERROR - Error in emilia-romagna: [Errno 2] No such file or directory: 'src/dataframes/rents_raw.parquet'
2023-10-26 22:13:00,133 - ERROR - Error in toscana: [Errno 2] No such file or directory: 'src/dataframes/rents_raw.parquet'
2023-10-26 22:13:00,133 - ERROR - Error in lazio: [Errno 2] No such file or directory: 'src/dataframes/rents_raw.parquet'
2023-10-26 22:13:00,134 - ERROR - Error in campania: [Errno 2] No such file or directory: 'src/dataframes/rents_raw.parquet'
2023-10-26 22:13:00,134 - ERROR - Error in sicilia: [Errno 2] No such file or directory: 'src/dataframes/rents_raw.parquet'
2023-10-26 22:13:00,134 - ERROR - Error in sardegna: [Errno 2] No such file or directory: 'src/dataframes/rents_raw.parquet'
2023-10-26 22:13:00,134 - ERROR - Error in puglia: [Errno 2] No such file or directory: 'src/dataframes/rents_raw.parquet'
2023-10-26 22:13:00,134 - ERROR - Error in abruzzo: [Errno 2] No such file or directory: 'src/dataframes/rents_raw.parquet'
2023-10-26 22:13:00,134 - ERROR - Error in marche: [Errno 2] No such file or directory: 'src/dataframes/rents_raw.parquet'
2023-10-26 22:13:00,134 - ERROR - Error in liguria: [Errno 2] No such file or directory: 'src/dataframes/rents_raw.parquet'
2023-10-26 22:13:00,134 - ERROR - Error in calabriafriuli-venezia-giulia: [Errno 2] No such file or directory: 'src/dataframes/rents_raw.parquet'
2023-10-26 22:13:00,134 - ERROR - Error in trentino-alto-adige: [Errno 2] No such file or directory: 'src/dataframes/rents_raw.parquet'
2023-10-26 22:13:00,134 - ERROR - Error in umbria: [Errno 2] No such file or directory: 'src/dataframes/rents_raw.parquet'
2023-10-26 22:13:00,134 - ERROR - Error in molise: [Errno 2] No such file or directory: 'src/dataframes/rents_raw.parquet'
2023-10-26 22:13:00,135 - ERROR - Error in basilicata: [Errno 2] No such file or directory: 'src/dataframes/rents_raw.parquet'
2023-10-26 22:13:00,135 - ERROR - Error in valle-d-aosta: [Errno 2] No such file or directory: 'src/dataframes/rents_raw.parquet'
2023-10-26 22:13:00,135 - ERROR - Error in milano: [Errno 2] No such file or directory: 'src/dataframes/rents_raw.parquet'
2023-10-26 22:13:00,136 - ERROR - Error in torino: [Errno 2] No such file or directory: 'src/dataframes/rents_raw.parquet'
2023-10-26 22:13:00,136 - ERROR - Error in genova: [Errno 2] No such file or directory: 'src/dataframes/rents_raw.parquet'
2023-10-26 22:13:00,136 - ERROR - Error in bologna: [Errno 2] No such file or directory: 'src/dataframes/rents_raw.parquet'
2023-10-26 22:13:00,136 - ERROR - Error in firenze: [Errno 2] No such file or directory: 'src/dataframes/rents_raw.parquet'
2023-10-26 22:13:00,136 - ERROR - Error in roma: [Errno 2] No such file or directory: 'src/dataframes/rents_raw.parquet'
2023-10-26 22:13:00,136 - ERROR - Error in napoli: [Errno 2] No such file or directory: 'src/dataframes/rents_raw.parquet'
2023-10-26 22:13:00,136 - ERROR - Error in aosta: [Errno 2] No such file or directory: 'src/dataframes/rents_raw.parquet'
2023-10-26 22:13:00,136 - ERROR - Error in palermo: [Errno 2] No such file or directory: 'src/dataframes/rents_raw.parquet'
2023-10-26 22:13:00,136 - ERROR - Error in cagliari: [Errno 2] No such file or directory: 'src/dataframes/rents_raw.parquet'
2023-10-26 22:13:00,136 - ERROR - Error in bari: [Errno 2] No such file or directory: 'src/dataframes/rents_raw.parquet'
2023-10-26 22:13:00,137 - ERROR - Error in ancona: [Errno 2] No such file or directory: 'src/dataframes/rents_raw.parquet'
2023-10-26 22:13:00,137 - ERROR - Error in bologna: [Errno 2] No such file or directory: 'src/dataframes/rents_raw.parquet'
2023-10-26 22:13:00,137 - ERROR - Error in cagliari: [Errno 2] No such file or directory: 'src/dataframes/rents_raw.parquet'
2023-10-26 22:13:00,137 - ERROR - Error in trento: [Errno 2] No such file or directory: 'src/dataframes/rents_raw.parquet'
2023-10-26 22:13:00,137 - ERROR - Error in campobasso: [Errno 2] No such file or directory: 'src/dataframes/rents_raw.parquet'
2023-10-26 22:13:00,137 - ERROR - Error in catanzaro: [Errno 2] No such file or directory: 'src/dataframes/rents_raw.parquet'
2023-10-26 22:13:00,137 - ERROR - Error in l-aquila: [Errno 2] No such file or directory: 'src/dataframes/rents_raw.parquet'
2023-10-26 22:13:00,137 - ERROR - Error in potenza: [Errno 2] No such file or directory: 'src/dataframes/rents_raw.parquet'
2023-10-26 22:13:00,137 - ERROR - Error in trieste: [Errno 2] No such file or directory: 'src/dataframes/rents_raw.parquet'
2023-10-26 22:13:00,137 - ERROR - Error in venezia: [Errno 2] No such file or directory: 'src/dataframes/rents_raw.parquet'
2023-10-26 22:13:21,751 - ERROR - Error in lombardia: [Errno 22] Invalid argument
2023-10-26 22:13:21,752 - ERROR - Error in piemonte: [Errno 22] Invalid argument
2023-10-26 22:13:21,752 - ERROR - Error in veneto: [Errno 22] Invalid argument
2023-10-26 22:13:21,752 - ERROR - Error in emilia-romagna: [Errno 22] Invalid argument
2023-10-26 22:13:21,752 - ERROR - Error in toscana: [Errno 22] Invalid argument
2023-10-26 22:13:21,752 - ERROR - Error in lazio: [Errno 22] Invalid argument
2023-10-26 22:13:21,752 - ERROR - Error in campania: [Errno 22] Invalid argument
2023-10-26 22:13:21,753 - ERROR - Error in sicilia: [Errno 22] Invalid argument
2023-10-26 22:13:21,753 - ERROR - Error in sardegna: [Errno 22] Invalid argument
2023-10-26 22:13:21,753 - ERROR - Error in puglia: [Errno 22] Invalid argument
2023-10-26 22:13:21,753 - ERROR - Error in abruzzo: [Errno 22] Invalid argument
2023-10-26 22:13:21,753 - ERROR - Error in marche: [Errno 22] Invalid argument
2023-10-26 22:13:21,753 - ERROR - Error in liguria: [Errno 22] Invalid argument
2023-10-26 22:13:21,753 - ERROR - Error in calabriafriuli-venezia-giulia: [Errno 22] Invalid argument
2023-10-26 22:13:21,754 - ERROR - Error in trentino-alto-adige: [Errno 22] Invalid argument
2023-10-26 22:13:21,754 - ERROR - Error in umbria: [Errno 22] Invalid argument
2023-10-26 22:13:21,754 - ERROR - Error in molise: [Errno 22] Invalid argument
2023-10-26 22:13:21,754 - ERROR - Error in basilicata: [Errno 22] Invalid argument
2023-10-26 22:13:21,754 - ERROR - Error in valle-d-aosta: [Errno 22] Invalid argument
2023-10-26 22:15:20,979 - ERROR - Error in liguria: [Errno 22] Invalid argument
